<?xml version="1.0" encoding="UTF-8"?>
<testsuite name="com.aor.numbers.ListFiltererTest" tests="1" skipped="0" failures="0" errors="0" timestamp="2020-03-12T21:44:56" hostname="LAPTOP-F4MC882R" time="0.002">
  <properties/>
  <testcase name="positive" classname="com.aor.numbers.ListFiltererTest" time="0.002"/>
  <system-out><![CDATA[]]></system-out>
  <system-err><![CDATA[]]></system-err>
</testsuite>
