<?xml version="1.0" encoding="UTF-8"?>
<testsuite name="HumanClientTest" tests="2" skipped="0" failures="0" errors="0" timestamp="2020-03-23T19:01:48" hostname="LAPTOP-F4MC882R" time="0.487">
  <properties/>
  <testcase name="removeObserver" classname="HumanClientTest" time="0.48"/>
  <testcase name="addObserver" classname="HumanClientTest" time="0.007"/>
  <system-out><![CDATA[]]></system-out>
  <system-err><![CDATA[]]></system-err>
</testsuite>
