<?xml version="1.0" encoding="UTF-8"?>
<testsuite name="OrderingTest" tests="3" skipped="0" failures="0" errors="0" timestamp="2020-03-23T19:01:49" hostname="LAPTOP-F4MC882R" time="0.001">
  <properties/>
  <testcase name="impatientStrategy" classname="OrderingTest" time="0.0"/>
  <testcase name="smartStrategyStartClosed" classname="OrderingTest" time="0.001"/>
  <testcase name="smartStrategyStartOpened" classname="OrderingTest" time="0.0"/>
  <system-out><![CDATA[dCbX-DcBa
dCbX-DcBa
dCbX-DcBa
]]></system-out>
  <system-err><![CDATA[]]></system-err>
</testsuite>
